<?xml version="1.0" encoding="UTF-8"?>
<!-- Generated by org.testng.reporters.JUnitReportReporter -->
<testsuite hostname="DESKTOP-R93FQ3S" name="com.study.cucumber.runners.SearchOutlineFeature" tests="1" failures="0" timestamp="20 Dec 2018 04:01:46 GMT" time="24.923" errors="0">
  <testcase name="runCukes" time="24.923" classname="com.study.cucumber.runners.SearchOutlineFeature"/>
</testsuite> <!-- com.study.cucumber.runners.SearchOutlineFeature -->
