<?xml version="1.0" encoding="UTF-8"?>
<!-- Generated by org.testng.reporters.JUnitReportReporter -->
<testsuite hostname="DESKTOP-R93FQ3S" name="com.study.cucumber.runners.SearchManyFeature" tests="1" failures="0" timestamp="20 Dec 2018 04:01:46 GMT" time="20.836" errors="0">
  <testcase name="runCukes" time="20.836" classname="com.study.cucumber.runners.SearchManyFeature"/>
</testsuite> <!-- com.study.cucumber.runners.SearchManyFeature -->
